<?xml version="1.0" encoding="UTF-8"?>
<testng-results ignored="0" total="3" passed="3" failed="0" skipped="0">
  <reporter-output>
  </reporter-output>
  <suite started-at="2023-05-11T13:10:00 IST" name="Default suite" finished-at="2023-05-11T13:10:18 IST" duration-ms="18322">
    <groups>
    </groups>
    <test started-at="2023-05-11T13:10:00 IST" name="Default test" finished-at="2023-05-11T13:10:18 IST" duration-ms="18322">
      <class name="tests.HomeTest">
        <test-method is-config="true" signature="browserInitializer()[pri:0, instance:tests.HomeTest@4b29d1d2]" started-at="2023-05-11T13:10:00 IST" name="browserInitializer" finished-at="2023-05-11T13:10:05 IST" duration-ms="5105" status="PASS">
          <reporter-output>
          </reporter-output>
        </test-method> <!-- browserInitializer -->
        <test-method is-config="true" signature="openUrl()[pri:0, instance:tests.HomeTest@4b29d1d2]" started-at="2023-05-11T13:10:05 IST" name="openUrl" finished-at="2023-05-11T13:10:10 IST" duration-ms="4966" status="PASS">
          <reporter-output>
          </reporter-output>
        </test-method> <!-- openUrl -->
        <test-method signature="chooseTest()[pri:0, instance:tests.HomeTest@4b29d1d2]" started-at="2023-05-11T13:10:10 IST" name="chooseTest" finished-at="2023-05-11T13:10:11 IST" duration-ms="1473" status="PASS">
          <reporter-output>
          </reporter-output>
        </test-method> <!-- chooseTest -->
        <test-method is-config="true" signature="openUrl()[pri:0, instance:tests.HomeTest@4b29d1d2]" started-at="2023-05-11T13:10:11 IST" name="openUrl" finished-at="2023-05-11T13:10:12 IST" duration-ms="478" status="PASS">
          <reporter-output>
          </reporter-output>
        </test-method> <!-- openUrl -->
        <test-method signature="formFill()[pri:0, instance:tests.HomeTest@4b29d1d2]" started-at="2023-05-11T13:10:12 IST" name="formFill" finished-at="2023-05-11T13:10:16 IST" duration-ms="4156" status="PASS">
          <reporter-output>
          </reporter-output>
        </test-method> <!-- formFill -->
        <test-method is-config="true" signature="openUrl()[pri:0, instance:tests.HomeTest@4b29d1d2]" started-at="2023-05-11T13:10:16 IST" name="openUrl" finished-at="2023-05-11T13:10:17 IST" duration-ms="557" status="PASS">
          <reporter-output>
          </reporter-output>
        </test-method> <!-- openUrl -->
        <test-method signature="homeTest()[pri:0, instance:tests.HomeTest@4b29d1d2]" started-at="2023-05-11T13:10:17 IST" name="homeTest" finished-at="2023-05-11T13:10:18 IST" duration-ms="1504" status="PASS">
          <reporter-output>
          </reporter-output>
        </test-method> <!-- homeTest -->
        <test-method is-config="true" signature="tearDown()[pri:0, instance:tests.HomeTest@4b29d1d2]" started-at="2023-05-11T13:10:18 IST" name="tearDown" finished-at="2023-05-11T13:10:18 IST" duration-ms="214" status="PASS">
          <reporter-output>
          </reporter-output>
        </test-method> <!-- tearDown -->
      </class> <!-- tests.HomeTest -->
    </test> <!-- Default test -->
  </suite> <!-- Default suite -->
</testng-results>
